[debug] [2023-11-27T07:29:26.436Z] ----------------------------------------------------------------------
[debug] [2023-11-27T07:29:26.437Z] Command:       C:\Program Files\nodejs\node.exe C:\Users\am823\AppData\Roaming\npm\node_modules\firebase-tools\lib\bin\firebase.js projects:list
[debug] [2023-11-27T07:29:26.438Z] CLI Version:   12.9.1
[debug] [2023-11-27T07:29:26.438Z] Platform:      win32
[debug] [2023-11-27T07:29:26.438Z] Node Version:  v18.16.1
[debug] [2023-11-27T07:29:26.446Z] Time:          Mon Nov 27 2023 11:29:26 GMT+0400 (Georgia Standard Time)
[debug] [2023-11-27T07:29:26.446Z] ----------------------------------------------------------------------
[debug] 
[debug] [2023-11-27T07:29:26.891Z] > command requires scopes: ["email","openid","https://www.googleapis.com/auth/cloudplatformprojects.readonly","https://www.googleapis.com/auth/firebase","https://www.googleapis.com/auth/cloud-platform"]
[debug] [2023-11-27T07:29:26.892Z] > authorizing via signed-in user (mohammada.aflaki@gmail.com)
[debug] [2023-11-27T07:29:26.897Z] > refreshing access token with scopes: []
[debug] [2023-11-27T07:29:26.898Z] >>> [apiv2][query] POST https://www.googleapis.com/oauth2/v3/token [none]
[debug] [2023-11-27T07:29:26.898Z] >>> [apiv2][body] POST https://www.googleapis.com/oauth2/v3/token [omitted]
[debug] [2023-11-27T07:29:27.628Z] <<< [apiv2][status] POST https://www.googleapis.com/oauth2/v3/token 200
[debug] [2023-11-27T07:29:27.628Z] <<< [apiv2][body] POST https://www.googleapis.com/oauth2/v3/token [omitted]
[debug] [2023-11-27T07:29:27.633Z] >>> [apiv2][query] GET https://firebase.googleapis.com/v1beta1/projects pageSize=1000
[debug] [2023-11-27T07:29:28.217Z] <<< [apiv2][status] GET https://firebase.googleapis.com/v1beta1/projects 403
[debug] [2023-11-27T07:29:28.217Z] <<< [apiv2][body] GET https://firebase.googleapis.com/v1beta1/projects [omitted]
[debug] [2023-11-27T07:29:28.217Z] Unable to parse JSON: SyntaxError: Unexpected token < in JSON at position 0
[debug] [2023-11-27T07:29:28.950Z] FirebaseError: Unable to parse JSON: SyntaxError: Unexpected token < in JSON at position 0
    at RetryOperation._fn (C:\Users\am823\AppData\Roaming\npm\node_modules\firebase-tools\lib\apiv2.js:257:39)
    at process.processTicksAndRejections (node:internal/process/task_queues:95:5)
[error] 
[error] Error: Failed to list Firebase projects. See firebase-debug.log for more info.
[debug] [2023-11-27T07:29:49.303Z] ----------------------------------------------------------------------
[debug] [2023-11-27T07:29:49.305Z] Command:       C:\Program Files\nodejs\node.exe C:\Users\am823\AppData\Roaming\npm\node_modules\firebase-tools\lib\bin\firebase.js projects:list
[debug] [2023-11-27T07:29:49.305Z] CLI Version:   12.9.1
[debug] [2023-11-27T07:29:49.305Z] Platform:      win32
[debug] [2023-11-27T07:29:49.305Z] Node Version:  v18.16.1
[debug] [2023-11-27T07:29:49.306Z] Time:          Mon Nov 27 2023 11:29:49 GMT+0400 (Georgia Standard Time)
[debug] [2023-11-27T07:29:49.306Z] ----------------------------------------------------------------------
[debug] 
[debug] [2023-11-27T07:29:49.979Z] > command requires scopes: ["email","openid","https://www.googleapis.com/auth/cloudplatformprojects.readonly","https://www.googleapis.com/auth/firebase","https://www.googleapis.com/auth/cloud-platform"]
[debug] [2023-11-27T07:29:49.979Z] > authorizing via signed-in user (mohammada.aflaki@gmail.com)
[debug] [2023-11-27T07:29:49.985Z] >>> [apiv2][query] GET https://firebase.googleapis.com/v1beta1/projects pageSize=1000
[debug] [2023-11-27T07:29:51.179Z] <<< [apiv2][status] GET https://firebase.googleapis.com/v1beta1/projects 403
[debug] [2023-11-27T07:29:51.179Z] <<< [apiv2][body] GET https://firebase.googleapis.com/v1beta1/projects [omitted]
[debug] [2023-11-27T07:29:51.180Z] Unable to parse JSON: SyntaxError: Unexpected token < in JSON at position 0
[debug] [2023-11-27T07:29:52.013Z] FirebaseError: Unable to parse JSON: SyntaxError: Unexpected token < in JSON at position 0
    at RetryOperation._fn (C:\Users\am823\AppData\Roaming\npm\node_modules\firebase-tools\lib\apiv2.js:257:39)
    at process.processTicksAndRejections (node:internal/process/task_queues:95:5)
[error] 
[error] Error: Failed to list Firebase projects. See firebase-debug.log for more info.
